<?xml version="1.0" encoding="UTF-8"?>
<testsuite xmlns:xsi="http://www.w3.org/2001/XMLSchema-instance" xsi:noNamespaceSchemaLocation="https://maven.apache.org/surefire/maven-surefire-plugin/xsd/surefire-test-report-3.0.xsd" version="3.0" name="com.quod.antifraude.controller.BiometriaControllerTest" time="1.219" tests="1" errors="0" skipped="0" failures="0">
  <properties>
[...]
</properties>
  <testcase name="deveRetornar200AoValidarBiometriaFacial" classname="com.quod.antifraude.controller.BiometriaControllerTest" time="0.069">
    <system-out><![CDATA[15:19:12.119 [main] INFO org.springframework.test.context.support.AnnotationConfigContextLoaderUtils -- Could not detect default configuration classes for test class [com.quod.antifraude.controller.BiometriaControllerTest]: BiometriaControllerTest does not declare any static, non-private, non-final, nested classes annotated with @Configuration.
15:19:12.169 [main] INFO org.springframework.boot.test.context.SpringBootTestContextBootstrapper -- Found @SpringBootConfiguration com.quod.antifraude.AntifraudeApplication for test class com.quod.antifraude.controller.BiometriaControllerTest
2025-05-10T15:19:12.306-03:00  INFO 15880 --- [           main] c.q.a.c.BiometriaControllerTest          : Starting BiometriaControllerTest using Java 21.0.7 with PID 15880 (started by laispaiva in /Users/laispaiva/Desktop/FIAP/2025/Fase_7/antifraude)
2025-05-10T15:19:12.308-03:00  INFO 15880 --- [           main] c.q.a.c.BiometriaControllerTest          : No active profile set, falling back to 1 default profile: "default"
2025-05-10T15:19:12.313-03:00 DEBUG 15880 --- [           main] o.s.w.c.s.GenericWebApplicationContext   : Refreshing org.springframework.web.context.support.GenericWebApplicationContext@5b69fd74
2025-05-10T15:19:13.078-03:00 DEBUG 15880 --- [           main] s.w.s.m.m.a.RequestMappingHandlerMapping : 4 mappings in 'requestMappingHandlerMapping'
2025-05-10T15:19:13.121-03:00 DEBUG 15880 --- [           main] o.s.w.s.handler.SimpleUrlHandlerMapping  : Patterns [/webjars/**, /**] in 'resourceHandlerMapping'
2025-05-10T15:19:13.136-03:00 DEBUG 15880 --- [           main] s.w.s.m.m.a.RequestMappingHandlerAdapter : ControllerAdvice beans: 0 @ModelAttribute, 0 @InitBinder, 1 RequestBodyAdvice, 1 ResponseBodyAdvice
2025-05-10T15:19:13.146-03:00 DEBUG 15880 --- [           main] .m.m.a.ExceptionHandlerExceptionResolver : ControllerAdvice beans: 0 @ExceptionHandler, 1 ResponseBodyAdvice
2025-05-10T15:19:13.160-03:00  INFO 15880 --- [           main] o.s.b.t.m.w.SpringBootMockServletContext : Initializing Spring TestDispatcherServlet ''
2025-05-10T15:19:13.161-03:00  INFO 15880 --- [           main] o.s.t.web.servlet.TestDispatcherServlet  : Initializing Servlet ''
2025-05-10T15:19:13.162-03:00  INFO 15880 --- [           main] o.s.t.web.servlet.TestDispatcherServlet  : Completed initialization in 0 ms
2025-05-10T15:19:13.185-03:00  INFO 15880 --- [           main] c.q.a.c.BiometriaControllerTest          : Started BiometriaControllerTest in 0.993 seconds (process running for 1.338)
2025-05-10T15:19:13.223-03:00 DEBUG 15880 --- [           main] s.w.s.m.m.a.RequestMappingHandlerMapping : Mapped to com.quod.antifraude.controller.BiometriaController#validarFacial(BiometriaRequest)
2025-05-10T15:19:13.244-03:00 DEBUG 15880 --- [           main] m.m.a.RequestResponseBodyMethodProcessor : Read "application/json;charset=UTF-8" to [BiometriaRequest(transacaoId=test-id-123, tipoBiometria=facial, imagem=base64simulado, dataCaptura=2 (truncated)...]
]]></system-out>
    <system-err><![CDATA[WARNING: A Java agent has been loaded dynamically (/Users/laispaiva/.m2/repository/net/bytebuddy/byte-buddy-agent/1.14.13/byte-buddy-agent-1.14.13.jar)
WARNING: If a serviceability tool is in use, please run with -XX:+EnableDynamicAgentLoading to hide this warning
WARNING: If a serviceability tool is not in use, please run with -Djdk.instrument.traceUsage for more information
WARNING: Dynamic loading of agents will be disallowed by default in a future release
]]></system-err>
  </testcase>
</testsuite>